Arguments: 
  /nix/store/1vnbw0jq9d3ddpdd2pf7zyvvq4rq814a-nodejs-18.2.0/bin/node /opt/homebrew/bin/yarn add @grafbase/url-exchange

PATH: 
  /nix/store/3j6ii6cfwnj0kyjvv8bmnqdi4jy478ng-clang-wrapper-11.1.0/bin:/nix/store/3bqpgaas7m19j19mlm758fafrpl740dp-clang-11.1.0/bin:/nix/store/q5adnlrxq08zr1cik50mriw63jz1jpg5-coreutils-9.0/bin:/nix/store/znqi1pp0d3vx1zk4jnrf1520y4j3mkav-cctools-binutils-darwin-wrapper-949.0.1/bin:/nix/store/gff87f1lbzlsx1n0zblcgfwxhrhavblw-cctools-binutils-darwin-949.0.1/bin:/nix/store/1vnbw0jq9d3ddpdd2pf7zyvvq4rq814a-nodejs-18.2.0/bin:/nix/store/c8sqzfzjlknl5p9fqidsqbn4k28c69hz-nixpkgs-fmt-1.2.0/bin:/nix/store/0x5kpnqr2yf0qxp8vvm42km3cg17avf5-purescript-v0.15.7/bin:/nix/store/7fkys539h2zxy9d13h8djvslm81l7kwf-node_purs-tidy-0.9.0/bin:/nix/store/r38kmdx4nazp07hxfp8r28spnsy9cadn-node_psa-0.8.2/bin:/nix/store/k387g5m8rad8d79icz2wisrlqk57yglm-spago-0.20.9/bin:/nix/store/fkjqnjnj03cawpdnx1iql88aa5kr9r6p-node_purescript-language-server-0.16.6/bin:/nix/store/q5adnlrxq08zr1cik50mriw63jz1jpg5-coreutils-9.0/bin:/nix/store/m622x4majj0n8inqj1albnf9z1xdkhn8-findutils-4.8.0/bin:/nix/store/kbxymkdlf77bj0m5m3x983fn649dvc7g-diffutils-3.8/bin:/nix/store/q9jlz1pybfza7qqrpgkdqrlrh89i97h6-gnused-4.8/bin:/nix/store/mmgqx8iycqgl9ir2pw480ywwbdkj9jsq-gnugrep-3.7/bin:/nix/store/q0c4mm5zh3h50793dk1yhd0ksmy00vsp-gawk-5.1.1/bin:/nix/store/p0flrhii9qa86sy18w5a7ys83yaw992c-gnutar-1.34/bin:/nix/store/zr3azhmc5j4n15xj7figw3ld69xh6a20-gzip-1.12/bin:/nix/store/ar7j8cwqk2690awpff1sk6bqilxiniki-bzip2-1.0.6.0.2-bin/bin:/nix/store/91asvnxg9m5kcwfjl1xg2nbc7i3daasg-gnumake-4.3/bin:/nix/store/94imf0lyj4vdr19aa226bxsqnglg8940-bash-5.1-p8/bin:/nix/store/v2c7yj5v5lqipf34sp6nl41rb39wq9vr-patch-2.7.6/bin:/nix/store/4wxblyhjkd0xyirvvwg6q1syplpvlyls-xz-5.2.5-bin/bin:/Users/jun/.rbenv/shims:/Users/jun/.rbenv/bin:/opt/homebrew/bin:/usr/local/bin:/Users/jun/.rbenv/shims:/Users/jun/.nvm/versions/node/v12.22.8/bin:/Applications/Postgres.app/Contents/Versions/latest/bin:/sbin:/usr/sbin:/opt/homebrew/opt/ruby/bin:/usr/local/bin:/run/current-system/sw/bin:/Users/jun/Library/Python/3.9/bin:/opt/homebrew/bin:/opt/homebrew/sbin:/Users/jun/.rbenv/shims:/Users/jun/.nvm/versions/node/v12.22.8/bin:/Applications/Postgres.app/Contents/Versions/latest/bin:/sbin:/usr/sbin:/opt/homebrew/opt/ruby/bin:/usr/local/bin:/run/current-system/sw/bin:/Users/jun/Library/Python/3.9/bin:/opt/homebrew/bin:/opt/homebrew/sbin:/Users/jun/.cargo/bin:/Users/jun/.nix-profile/bin:/etc/profiles/per-user/jun/bin:/run/current-system/sw/bin:/nix/var/nix/profiles/default/bin:/usr/local/bin:/usr/bin:/usr/sbin:/bin:/sbin

Yarn version: 
  1.22.17

Node version: 
  18.2.0

Platform: 
  darwin arm64

Trace: 
  Error: https://registry.yarnpkg.com/@grafbase%2furl-exchange: Not found
      at params.callback [as _callback] (/opt/homebrew/lib/node_modules/yarn/lib/cli.js:67029:18)
      at self.callback (/opt/homebrew/lib/node_modules/yarn/lib/cli.js:140883:22)
      at Request.emit (node:events:527:28)
      at Request.<anonymous> (/opt/homebrew/lib/node_modules/yarn/lib/cli.js:141855:10)
      at Request.emit (node:events:527:28)
      at IncomingMessage.<anonymous> (/opt/homebrew/lib/node_modules/yarn/lib/cli.js:141777:12)
      at Object.onceWrapper (node:events:641:28)
      at IncomingMessage.emit (node:events:539:35)
      at endReadableNT (node:internal/streams/readable:1344:12)
      at process.processTicksAndRejections (node:internal/process/task_queues:82:21)

npm manifest: 
  {
    "name": "4-urql-live-query",
    "version": "1.0.0",
    "description": "",
    "main": "server.js",
    "directories": {
      "test": "test"
    },
    "scripts": {
      "test": "npm i && spago install && spago build && node ./test.mjs",
      "start": "node server.js"
    },
    "author": "",
    "license": "ISC",
    "dependencies": {
      "@envelop/live-query": "5.0.4",
      "@n1ru4l/graphql-live-query": "0.10.0",
      "@n1ru4l/in-memory-live-query-store": "0.10.0",
      "@graphql-tools/utils": "9.2.1",
      "@urql/core": "^1.16.2",
      "graphql-yoga": "3.6.0",
      "graphql": "16.6.0"
    }
  }

yarn manifest: 
  No manifest

Lockfile: 
  # THIS IS AN AUTOGENERATED FILE. DO NOT EDIT THIS FILE DIRECTLY.
  # yarn lockfile v1
  
  
  "@envelop/core@^3.0.4":
    version "3.0.4"
    resolved "https://registry.yarnpkg.com/@envelop/core/-/core-3.0.4.tgz#6801049bed24487599b4ffa0f836f70cb62714fc"
    integrity sha512-AybIZxQsDlFQTWHy6YtX/MSQPVuw+eOFtTW90JsHn6EbmcQnD6N3edQfSiTGjggPRHLoC0+0cuYXp2Ly2r3vrQ==
    dependencies:
      "@envelop/types" "3.0.1"
      tslib "2.4.0"
  
  "@envelop/live-query@5.0.4":
    version "5.0.4"
    resolved "https://registry.yarnpkg.com/@envelop/live-query/-/live-query-5.0.4.tgz#b24d40daadf84f6081ce2e2737c0c2d8448a66b3"
    integrity sha512-wqw5PY91LZ3dpamIpYgqNSL5n5zyUivfjOH2SPOvi7gwa4YHASEA9XE2aCNQ9l69EaaDDPLySpyBIfZQ8TIKwg==
    dependencies:
      "@graphql-tools/utils" "^8.8.0"
      "@n1ru4l/graphql-live-query" "^0.10.0"
      "@n1ru4l/graphql-live-query-patch" "^0.7.0"
      "@n1ru4l/in-memory-live-query-store" "^0.10.0"
      tslib "^2.4.0"
  
  "@envelop/types@3.0.1":
    version "3.0.1"
    resolved "https://registry.yarnpkg.com/@envelop/types/-/types-3.0.1.tgz#0afec3b3f1ab282bc828e6c42c5e26d76ffe363c"
    integrity sha512-Ok62K1K+rlS+wQw77k8Pis8+1/h7+/9Wk5Fgcc2U6M5haEWsLFAHcHsk8rYlnJdEUl2Y3yJcCSOYbt1dyTaU5w==
    dependencies:
      tslib "^2.4.0"
  
  "@envelop/validation-cache@^5.0.5":
    version "5.1.0"
    resolved "https://registry.yarnpkg.com/@envelop/validation-cache/-/validation-cache-5.1.0.tgz#95496557d6289a6eaecca44c4aa83304ba4213e8"
    integrity sha512-X0hr7lcT9Ye4Sm43JPaSawmhFl5Uf67z8OEIyphWY4DUNRlY6VClQZRMGP+8iAo9EFcRspvmszBI8b/65JwHaA==
    dependencies:
      fast-json-stable-stringify "^2.1.0"
      js-sha1 "^0.6.0"
      lru-cache "^6.0.0"
      tslib "^2.4.0"
  
  "@graphql-tools/executor@^0.0.14":
    version "0.0.14"
    resolved "https://registry.yarnpkg.com/@graphql-tools/executor/-/executor-0.0.14.tgz#7c6073d75c77dd6e7fab0c835761ed09c85a3bc6"
    integrity sha512-YiBbN9NT0FgqPJ35+Eg0ty1s5scOZTgiPf+6hLVJBd5zHEURwojEMCTKJ9e0RNZHETp2lN+YaTFGTSoRk0t4Sw==
    dependencies:
      "@graphql-tools/utils" "9.2.1"
      "@graphql-typed-document-node/core" "3.1.1"
      "@repeaterjs/repeater" "3.0.4"
      tslib "^2.4.0"
      value-or-promise "1.0.12"
  
  "@graphql-tools/merge@8.3.18":
    version "8.3.18"
    resolved "https://registry.yarnpkg.com/@graphql-tools/merge/-/merge-8.3.18.tgz#bfbb517c68598a885809f16ce5c3bb1ebb8f04a2"
    integrity sha512-R8nBglvRWPAyLpZL/f3lxsY7wjnAeE0l056zHhcO/CgpvK76KYUt9oEkR05i8Hmt8DLRycBN0FiotJ0yDQWTVA==
    dependencies:
      "@graphql-tools/utils" "9.2.1"
      tslib "^2.4.0"
  
  "@graphql-tools/schema@^9.0.0":
    version "9.0.16"
    resolved "https://registry.yarnpkg.com/@graphql-tools/schema/-/schema-9.0.16.tgz#7d340d69e6094dc01a2b9e625c7bb4fff89ea521"
    integrity sha512-kF+tbYPPf/6K2aHG3e1SWIbapDLQaqnIHVRG6ow3onkFoowwtKszvUyOASL6Krcv2x9bIMvd1UkvRf9OaoROQQ==
    dependencies:
      "@graphql-tools/merge" "8.3.18"
      "@graphql-tools/utils" "9.2.1"
      tslib "^2.4.0"
      value-or-promise "1.0.12"
  
  "@graphql-tools/utils@9.2.1", "@graphql-tools/utils@^9.2.1":
    version "9.2.1"
    resolved "https://registry.yarnpkg.com/@graphql-tools/utils/-/utils-9.2.1.tgz#1b3df0ef166cfa3eae706e3518b17d5922721c57"
    integrity sha512-WUw506Ql6xzmOORlriNrD6Ugx+HjVgYxt9KCXD9mHAak+eaXSwuGGPyE60hy9xaDEoXKBsG7SkG69ybitaVl6A==
    dependencies:
      "@graphql-typed-document-node/core" "^3.1.1"
      tslib "^2.4.0"
  
  "@graphql-tools/utils@^8.5.2", "@graphql-tools/utils@^8.8.0":
    version "8.13.1"
    resolved "https://registry.yarnpkg.com/@graphql-tools/utils/-/utils-8.13.1.tgz#b247607e400365c2cd87ff54654d4ad25a7ac491"
    integrity sha512-qIh9yYpdUFmctVqovwMdheVNJqFh+DQNWIhX87FJStfXYnmweBUDATok9fWPleKeFwxnW8IapKmY8m8toJEkAw==
    dependencies:
      tslib "^2.4.0"
  
  "@graphql-typed-document-node/core@3.1.1", "@graphql-typed-document-node/core@^3.1.0", "@graphql-typed-document-node/core@^3.1.1":
    version "3.1.1"
    resolved "https://registry.yarnpkg.com/@graphql-typed-document-node/core/-/core-3.1.1.tgz#076d78ce99822258cf813ecc1e7fa460fa74d052"
    integrity sha512-NQ17ii0rK1b34VZonlmT2QMJFI70m0TRwbknO/ihlbatXyaktDhN/98vBiUU6kNBPljqGqyIrl2T4nY2RpFANg==
  
  "@graphql-yoga/subscription@^3.1.0":
    version "3.1.0"
    resolved "https://registry.yarnpkg.com/@graphql-yoga/subscription/-/subscription-3.1.0.tgz#4a0bb0b9db2602d02c68f9828603e1e40329140b"
    integrity sha512-Vc9lh8KzIHyS3n4jBlCbz7zCjcbtQnOBpsymcRvHhFr2cuH+knmRn0EmzimMQ58jQ8kxoRXXC3KJS3RIxSdPIg==
    dependencies:
      "@graphql-yoga/typed-event-target" "^1.0.0"
      "@repeaterjs/repeater" "^3.0.4"
      "@whatwg-node/events" "0.0.2"
      tslib "^2.3.1"
  
  "@graphql-yoga/typed-event-target@^1.0.0":
    version "1.0.0"
    resolved "https://registry.yarnpkg.com/@graphql-yoga/typed-event-target/-/typed-event-target-1.0.0.tgz#dae3c0146f08a4dc30b5b890f8bab706c2b62199"
    integrity sha512-Mqni6AEvl3VbpMtKw+TIjc9qS9a8hKhiAjFtqX488yq5oJtj9TkNlFTIacAVS3vnPiswNsmDiQqvwUOcJgi1DA==
    dependencies:
      "@repeaterjs/repeater" "^3.0.4"
      tslib "^2.3.1"
  
  "@n1ru4l/graphql-live-query-patch@^0.7.0":
    version "0.7.0"
    resolved "https://registry.yarnpkg.com/@n1ru4l/graphql-live-query-patch/-/graphql-live-query-patch-0.7.0.tgz#c5b30341d218627b9ed15cea37e72ea3c15f3632"
    integrity sha512-1q49iNxqEIbmUp+qFAEVEn4ts344Cw72g5OtAuFeTwKtJT3V91kTPGMcRk5Pxb5FPHbvn52q+PCVKOAyVrtPwQ==
    dependencies:
      "@repeaterjs/repeater" "^3.0.4"
  
  "@n1ru4l/graphql-live-query@0.10.0", "@n1ru4l/graphql-live-query@^0.10.0":
    version "0.10.0"
    resolved "https://registry.yarnpkg.com/@n1ru4l/graphql-live-query/-/graphql-live-query-0.10.0.tgz#2306151630b0e74b017cc1067ebbea351acf56f8"
    integrity sha512-qZ7OHH/NB0NcG/Xa7irzgjE63UH0CkofZT0Bw4Ko6iRFagPRHBM8RgFXwTt/6JbFGIEUS4STRtaFoc/Eq/ZtzQ==
  
  "@n1ru4l/in-memory-live-query-store@0.10.0", "@n1ru4l/in-memory-live-query-store@^0.10.0":
    version "0.10.0"
    resolved "https://registry.yarnpkg.com/@n1ru4l/in-memory-live-query-store/-/in-memory-live-query-store-0.10.0.tgz#108a60ccfefb59f76eaf1600712d0d190fec0f89"
    integrity sha512-pt7bZgTPz9dk7ceoOp76KIbVFFlAPe0e5A07UiZ19fQy3JPvvoLRdjmnKbUh3VsEUUh8MyytFcFRguaeiidAYA==
    dependencies:
      "@graphql-tools/utils" "^8.5.2"
      "@n1ru4l/graphql-live-query" "0.10.0"
      "@repeaterjs/repeater" "^3.0.4"
  
  "@peculiar/asn1-schema@^2.1.6", "@peculiar/asn1-schema@^2.3.0":
    version "2.3.3"
    resolved "https://registry.yarnpkg.com/@peculiar/asn1-schema/-/asn1-schema-2.3.3.tgz#21418e1f3819e0b353ceff0c2dad8ccb61acd777"
    integrity sha512-6GptMYDMyWBHTUKndHaDsRZUO/XMSgIns2krxcm2L7SEExRHwawFvSwNBhqNPR9HJwv3MruAiF1bhN0we6j6GQ==
    dependencies:
      asn1js "^3.0.5"
      pvtsutils "^1.3.2"
      tslib "^2.4.0"
  
  "@peculiar/json-schema@^1.1.12":
    version "1.1.12"
    resolved "https://registry.yarnpkg.com/@peculiar/json-schema/-/json-schema-1.1.12.tgz#fe61e85259e3b5ba5ad566cb62ca75b3d3cd5339"
    integrity sha512-coUfuoMeIB7B8/NMekxaDzLhaYmp0HZNPEjYRm9goRou8UZIC3z21s0sL9AWoCw4EG876QyO3kYrc61WNF9B/w==
    dependencies:
      tslib "^2.0.0"
  
  "@peculiar/webcrypto@^1.4.0":
    version "1.4.1"
    resolved "https://registry.yarnpkg.com/@peculiar/webcrypto/-/webcrypto-1.4.1.tgz#821493bd5ad0f05939bd5f53b28536f68158360a"
    integrity sha512-eK4C6WTNYxoI7JOabMoZICiyqRRtJB220bh0Mbj5RwRycleZf9BPyZoxsTvpP0FpmVS2aS13NKOuh5/tN3sIRw==
    dependencies:
      "@peculiar/asn1-schema" "^2.3.0"
      "@peculiar/json-schema" "^1.1.12"
      pvtsutils "^1.3.2"
      tslib "^2.4.1"
      webcrypto-core "^1.7.4"
  
  "@repeaterjs/repeater@3.0.4", "@repeaterjs/repeater@^3.0.4":
    version "3.0.4"
    resolved "https://registry.yarnpkg.com/@repeaterjs/repeater/-/repeater-3.0.4.tgz#a04d63f4d1bf5540a41b01a921c9a7fddc3bd1ca"
    integrity sha512-AW8PKd6iX3vAZ0vA43nOUOnbq/X5ihgU+mSXXqunMkeQADGiqw/PY0JNeYtD5sr0PAy51YPgAPbDoeapv9r8WA==
  
  "@urql/core@^1.16.2":
    version "1.16.2"
    resolved "https://registry.yarnpkg.com/@urql/core/-/core-1.16.2.tgz#e404b7f66c163245f44e7ef3c736707b7fb20234"
    integrity sha512-Be2ekFcRovpLx6EKu/w7M3jJdC32Ev3eXJgXcJD7pVDgjv/RfUbYC4tGU87VrvQDJOg+t4gHFtIR6Vr9ws7mbg==
    dependencies:
      "@graphql-typed-document-node/core" "^3.1.0"
      wonka "^4.0.14"
  
  "@whatwg-node/events@0.0.2", "@whatwg-node/events@^0.0.2":
    version "0.0.2"
    resolved "https://registry.yarnpkg.com/@whatwg-node/events/-/events-0.0.2.tgz#7b7107268d2982fc7b7aff5ee6803c64018f84dd"
    integrity sha512-WKj/lI4QjnLuPrim0cfO7i+HsDSXHxNv1y0CrJhdntuO3hxWZmnXCwNDnwOvry11OjRin6cgWNF+j/9Pn8TN4w==
  
  "@whatwg-node/fetch@^0.8.1":
    version "0.8.1"
    resolved "https://registry.yarnpkg.com/@whatwg-node/fetch/-/fetch-0.8.1.tgz#ee3c94746132f217e17f78f9e073bb342043d630"
    integrity sha512-Fkd1qQHK2tAWxKlC85h9L86Lgbq3BzxMnHSnTsnzNZMMzn6Xi+HlN8/LJ90LxorhSqD54td+Q864LgwUaYDj1Q==
    dependencies:
      "@peculiar/webcrypto" "^1.4.0"
      "@whatwg-node/node-fetch" "^0.3.0"
      busboy "^1.6.0"
      urlpattern-polyfill "^6.0.2"
      web-streams-polyfill "^3.2.1"
  
  "@whatwg-node/node-fetch@^0.3.0":
    version "0.3.0"
    resolved "https://registry.yarnpkg.com/@whatwg-node/node-fetch/-/node-fetch-0.3.0.tgz#7c7e90d03fa09d0ddebff29add6f16d923327d58"
    integrity sha512-mPM8WnuHiI/3kFxDeE0SQQXAElbz4onqmm64fEGCwYEcBes2UsvIDI8HwQIqaXCH42A9ajJUPv4WsYoN/9oG6w==
    dependencies:
      "@whatwg-node/events" "^0.0.2"
      busboy "^1.6.0"
      fast-querystring "^1.1.1"
      fast-url-parser "^1.1.3"
      tslib "^2.3.1"
  
  "@whatwg-node/server@^0.6.7":
    version "0.6.7"
    resolved "https://registry.yarnpkg.com/@whatwg-node/server/-/server-0.6.7.tgz#14f5d0aca49308759d64fc7faa3cbfc20162a1ee"
    integrity sha512-M4zHWdJ6M1IdcxnZBdDmiUh1bHQ4gPYRxzkH0gh8Qf6MpWJmX6I/MNftqem3GNn+qn1y47qqlGSed7T7nzsRFw==
    dependencies:
      "@whatwg-node/fetch" "^0.8.1"
      tslib "^2.3.1"
  
  asn1js@^3.0.1, asn1js@^3.0.5:
    version "3.0.5"
    resolved "https://registry.yarnpkg.com/asn1js/-/asn1js-3.0.5.tgz#5ea36820443dbefb51cc7f88a2ebb5b462114f38"
    integrity sha512-FVnvrKJwpt9LP2lAMl8qZswRNm3T4q9CON+bxldk2iwk3FFpuwhx2FfinyitizWHsVYyaY+y5JzDR0rCMV5yTQ==
    dependencies:
      pvtsutils "^1.3.2"
      pvutils "^1.1.3"
      tslib "^2.4.0"
  
  braces@^3.0.2:
    version "3.0.2"
    resolved "https://registry.yarnpkg.com/braces/-/braces-3.0.2.tgz#3454e1a462ee8d599e236df336cd9ea4f8afe107"
    integrity sha512-b8um+L1RzM3WDSzvhm6gIz1yfTbBt6YTlcEKAvsmqCZZFw46z626lVj9j1yEPW33H5H+lBQpZMP1k8l+78Ha0A==
    dependencies:
      fill-range "^7.0.1"
  
  busboy@^1.6.0:
    version "1.6.0"
    resolved "https://registry.yarnpkg.com/busboy/-/busboy-1.6.0.tgz#966ea36a9502e43cdb9146962523b92f531f6893"
    integrity sha512-8SFQbg/0hQ9xy3UNTB0YEnsNBbWfhf7RtnzpL7TkBiTBRfrQ9Fxcnz7VJsleJpyp6rVLvXiuORqjlHi5q+PYuA==
    dependencies:
      streamsearch "^1.1.0"
  
  dset@^3.1.1:
    version "3.1.2"
    resolved "https://registry.yarnpkg.com/dset/-/dset-3.1.2.tgz#89c436ca6450398396dc6538ea00abc0c54cd45a"
    integrity sha512-g/M9sqy3oHe477Ar4voQxWtaPIFw1jTdKZuomOjhCcBx9nHUNn0pu6NopuFFrTh/TRZIKEj+76vLWFu9BNKk+Q==
  
  fast-decode-uri-component@^1.0.1:
    version "1.0.1"
    resolved "https://registry.yarnpkg.com/fast-decode-uri-component/-/fast-decode-uri-component-1.0.1.tgz#46f8b6c22b30ff7a81357d4f59abfae938202543"
    integrity sha512-WKgKWg5eUxvRZGwW8FvfbaH7AXSh2cL+3j5fMGzUMCxWBJ3dV3a7Wz8y2f/uQ0e3B6WmodD3oS54jTQ9HVTIIg==
  
  fast-json-stable-stringify@^2.1.0:
    version "2.1.0"
    resolved "https://registry.yarnpkg.com/fast-json-stable-stringify/-/fast-json-stable-stringify-2.1.0.tgz#874bf69c6f404c2b5d99c481341399fd55892633"
    integrity sha512-lhd/wF+Lk98HZoTCtlVraHtfh5XYijIjalXck7saUtuanSDyLMxnHhSXEDJqHxD7msR8D0uCmqlkwjCV8xvwHw==
  
  fast-querystring@^1.1.1:
    version "1.1.1"
    resolved "https://registry.yarnpkg.com/fast-querystring/-/fast-querystring-1.1.1.tgz#f4c56ef56b1a954880cfd8c01b83f9e1a3d3fda2"
    integrity sha512-qR2r+e3HvhEFmpdHMv//U8FnFlnYjaC6QKDuaXALDkw2kvHO8WDjxH+f/rHGR4Me4pnk8p9JAkRNTjYHAKRn2Q==
    dependencies:
      fast-decode-uri-component "^1.0.1"
  
  fast-url-parser@^1.1.3:
    version "1.1.3"
    resolved "https://registry.yarnpkg.com/fast-url-parser/-/fast-url-parser-1.1.3.tgz#f4af3ea9f34d8a271cf58ad2b3759f431f0b318d"
    integrity sha512-5jOCVXADYNuRkKFzNJ0dCCewsZiYo0dz8QNYljkOpFC6r2U4OBmKtvm/Tsuh4w1YYdDqDb31a8TVhBJ2OJKdqQ==
    dependencies:
      punycode "^1.3.2"
  
  fill-range@^7.0.1:
    version "7.0.1"
    resolved "https://registry.yarnpkg.com/fill-range/-/fill-range-7.0.1.tgz#1919a6a7c75fe38b2c7c77e5198535da9acdda40"
    integrity sha512-qOo9F+dMUmC2Lcb4BbVvnKJxTPjCm+RRpe4gDuGrzkL7mEVl/djYSu2OdQ2Pa302N4oqkSg9ir6jaLWJ2USVpQ==
    dependencies:
      to-regex-range "^5.0.1"
  
  graphql-yoga@3.6.0:
    version "3.6.0"
    resolved "https://registry.yarnpkg.com/graphql-yoga/-/graphql-yoga-3.6.0.tgz#b77df99670d0244f5969f684e6fa819fa5a625f1"
    integrity sha512-CY4k6/+EPwy/QXfMMkjdcHaUhWEUm7Djd+UxIoY6aJDGfxLF9D3OpBeD7pyxV4pvlRrxp9MEGKZ6kN6LTiVJ/A==
    dependencies:
      "@envelop/core" "^3.0.4"
      "@envelop/validation-cache" "^5.0.5"
      "@graphql-tools/executor" "^0.0.14"
      "@graphql-tools/schema" "^9.0.0"
      "@graphql-tools/utils" "^9.2.1"
      "@graphql-yoga/subscription" "^3.1.0"
      "@whatwg-node/fetch" "^0.8.1"
      "@whatwg-node/server" "^0.6.7"
      dset "^3.1.1"
      lru-cache "^7.14.1"
      tslib "^2.3.1"
  
  graphql@16.6.0:
    version "16.6.0"
    resolved "https://registry.yarnpkg.com/graphql/-/graphql-16.6.0.tgz#c2dcffa4649db149f6282af726c8c83f1c7c5fdb"
    integrity sha512-KPIBPDlW7NxrbT/eh4qPXz5FiFdL5UbaA0XUNz2Rp3Z3hqBSkbj0GVjwFDztsWVauZUWsbKHgMg++sk8UX0bkw==
  
  is-number@^7.0.0:
    version "7.0.0"
    resolved "https://registry.yarnpkg.com/is-number/-/is-number-7.0.0.tgz#7535345b896734d5f80c4d06c50955527a14f12b"
    integrity sha512-41Cifkg6e8TylSpdtTpeLVMqvSBEVzTttHvERD741+pnZ8ANv0004MRL43QKPDlK9cGvNp6NZWZUBlbGXYxxng==
  
  js-sha1@^0.6.0:
    version "0.6.0"
    resolved "https://registry.yarnpkg.com/js-sha1/-/js-sha1-0.6.0.tgz#adbee10f0e8e18aa07cdea807cf08e9183dbc7f9"
    integrity sha512-01gwBFreYydzmU9BmZxpVk6svJJHrVxEN3IOiGl6VO93bVKYETJ0sIth6DASI6mIFdt7NmfX9UiByRzsYHGU9w==
  
  lru-cache@^6.0.0:
    version "6.0.0"
    resolved "https://registry.yarnpkg.com/lru-cache/-/lru-cache-6.0.0.tgz#6d6fe6570ebd96aaf90fcad1dafa3b2566db3a94"
    integrity sha512-Jo6dJ04CmSjuznwJSS3pUeWmd/H0ffTlkXXgwZi+eq1UCmqQwCh+eLsYOYCwY991i2Fah4h1BEMCx4qThGbsiA==
    dependencies:
      yallist "^4.0.0"
  
  lru-cache@^7.14.1:
    version "7.14.1"
    resolved "https://registry.yarnpkg.com/lru-cache/-/lru-cache-7.14.1.tgz#8da8d2f5f59827edb388e63e459ac23d6d408fea"
    integrity sha512-ysxwsnTKdAx96aTRdhDOCQfDgbHnt8SK0KY8SEjO0wHinhWOFTESbjVCMPbU1uGXg/ch4lifqx0wfjOawU2+WA==
  
  punycode@^1.3.2:
    version "1.4.1"
    resolved "https://registry.yarnpkg.com/punycode/-/punycode-1.4.1.tgz#c0d5a63b2718800ad8e1eb0fa5269c84dd41845e"
    integrity sha512-jmYNElW7yvO7TV33CjSmvSiE2yco3bV2czu/OzDKdMNVZQWfxCblURLhf+47syQRBntjfLdd/H0egrzIG+oaFQ==
  
  pvtsutils@^1.3.2:
    version "1.3.2"
    resolved "https://registry.yarnpkg.com/pvtsutils/-/pvtsutils-1.3.2.tgz#9f8570d132cdd3c27ab7d51a2799239bf8d8d5de"
    integrity sha512-+Ipe2iNUyrZz+8K/2IOo+kKikdtfhRKzNpQbruF2URmqPtoqAs8g3xS7TJvFF2GcPXjh7DkqMnpVveRFq4PgEQ==
    dependencies:
      tslib "^2.4.0"
  
  pvutils@^1.1.3:
    version "1.1.3"
    resolved "https://registry.yarnpkg.com/pvutils/-/pvutils-1.1.3.tgz#f35fc1d27e7cd3dfbd39c0826d173e806a03f5a3"
    integrity sha512-pMpnA0qRdFp32b1sJl1wOJNxZLQ2cbQx+k6tjNtZ8CpvVhNqEPRgivZ2WOUev2YMajecdH7ctUPDvEe87nariQ==
  
  streamsearch@^1.1.0:
    version "1.1.0"
    resolved "https://registry.yarnpkg.com/streamsearch/-/streamsearch-1.1.0.tgz#404dd1e2247ca94af554e841a8ef0eaa238da764"
    integrity sha512-Mcc5wHehp9aXz1ax6bZUyY5afg9u2rv5cqQI3mRrYkGC8rW2hM02jWuwjtL++LS5qinSyhj2QfLyNsuc+VsExg==
  
  to-regex-range@^5.0.1:
    version "5.0.1"
    resolved "https://registry.yarnpkg.com/to-regex-range/-/to-regex-range-5.0.1.tgz#1648c44aae7c8d988a326018ed72f5b4dd0392e4"
    integrity sha512-65P7iz6X5yEr1cwcgvQxbbIw7Uk3gOy5dIdtZ4rDveLqhrdJP+Li/Hx6tyK0NEb+2GCyneCMJiGqrADCSNk8sQ==
    dependencies:
      is-number "^7.0.0"
  
  tslib@2.4.0:
    version "2.4.0"
    resolved "https://registry.yarnpkg.com/tslib/-/tslib-2.4.0.tgz#7cecaa7f073ce680a05847aa77be941098f36dc3"
    integrity sha512-d6xOpEDfsi2CZVlPQzGeux8XMwLT9hssAsaPYExaQMuYskwb+x1x7J371tWlbBdWHroy99KnVB6qIkUbs5X3UQ==
  
  tslib@^2.0.0, tslib@^2.3.1, tslib@^2.4.0, tslib@^2.4.1:
    version "2.5.0"
    resolved "https://registry.yarnpkg.com/tslib/-/tslib-2.5.0.tgz#42bfed86f5787aeb41d031866c8f402429e0fddf"
    integrity sha512-336iVw3rtn2BUK7ORdIAHTyxHGRIHVReokCR3XjbckJMK7ms8FysBfhLR8IXnAgy7T0PTPNBWKiH514FOW/WSg==
  
  urlpattern-polyfill@^6.0.2:
    version "6.0.2"
    resolved "https://registry.yarnpkg.com/urlpattern-polyfill/-/urlpattern-polyfill-6.0.2.tgz#a193fe773459865a2a5c93b246bb794b13d07256"
    integrity sha512-5vZjFlH9ofROmuWmXM9yj2wljYKgWstGwe8YTyiqM7hVum/g9LyCizPZtb3UqsuppVwety9QJmfc42VggLpTgg==
    dependencies:
      braces "^3.0.2"
  
  value-or-promise@1.0.12:
    version "1.0.12"
    resolved "https://registry.yarnpkg.com/value-or-promise/-/value-or-promise-1.0.12.tgz#0e5abfeec70148c78460a849f6b003ea7986f15c"
    integrity sha512-Z6Uz+TYwEqE7ZN50gwn+1LCVo9ZVrpxRPOhOLnncYkY1ZzOYtrX8Fwf/rFktZ8R5mJms6EZf5TqNOMeZmnPq9Q==
  
  web-streams-polyfill@^3.2.1:
    version "3.2.1"
    resolved "https://registry.yarnpkg.com/web-streams-polyfill/-/web-streams-polyfill-3.2.1.tgz#71c2718c52b45fd49dbeee88634b3a60ceab42a6"
    integrity sha512-e0MO3wdXWKrLbL0DgGnUV7WHVuw9OUvL4hjgnPkIeEvESk74gAITi5G606JtZPp39cd8HA9VQzCIvA49LpPN5Q==
  
  webcrypto-core@^1.7.4:
    version "1.7.6"
    resolved "https://registry.yarnpkg.com/webcrypto-core/-/webcrypto-core-1.7.6.tgz#e32c4a12a13de4251f8f9ef336a6cba7cdec9b55"
    integrity sha512-TBPiewB4Buw+HI3EQW+Bexm19/W4cP/qZG/02QJCXN+iN+T5sl074vZ3rJcle/ZtDBQSgjkbsQO/1eFcxnSBUA==
    dependencies:
      "@peculiar/asn1-schema" "^2.1.6"
      "@peculiar/json-schema" "^1.1.12"
      asn1js "^3.0.1"
      pvtsutils "^1.3.2"
      tslib "^2.4.0"
  
  wonka@^4.0.14:
    version "4.0.15"
    resolved "https://registry.yarnpkg.com/wonka/-/wonka-4.0.15.tgz#9aa42046efa424565ab8f8f451fcca955bf80b89"
    integrity sha512-U0IUQHKXXn6PFo9nqsHphVCE5m3IntqZNB9Jjn7EB1lrR7YTDY3YWgFvEvwniTzXSvOH/XMzAZaIfJF/LvHYXg==
  
  yallist@^4.0.0:
    version "4.0.0"
    resolved "https://registry.yarnpkg.com/yallist/-/yallist-4.0.0.tgz#9bb92790d9c0effec63be73519e11a35019a3a72"
    integrity sha512-3wdGidZyq5PB084XLES5TpOSRA3wjXAlIWMhum2kRcv/41Sn2emQ0dycQW4uZXLejwKvg6EsvbdlVL+FYEct7A==
